{"name": "test_verify_home_page_title[chrome]", "status": "failed", "statusDetails": {"message": "AssertionError: assert 'Swag Labs' == 'Swag'\n  - Swag\n  + Swag Labs", "trace": "self = <Tests.test_HomePage.Test_Home object at 0x000001FCF9646260>\n\n    @pytest.hookimpl()\n    @pytest.mark.webtest\n    @pytest.mark.order(4)\n    def test_verify_home_page_title(self):\n        self.loginPage = LoginPage(self.driver)\n        homePage = self.loginPage.do_login()\n        title = homePage.get_title()\n>       assert title == TestData.HOME_PAGE_TITLE\nE       AssertionError: assert 'Swag Labs' == 'Swag'\nE         - Swag\nE         + Swag Labs\n\nTests\\test_HomePage.py:24: AssertionError"}, "attachments": [{"name": "log", "source": "95f3a5c5-050d-4f76-9b58-c538d5eeba79-attachment.txt", "type": "text/plain"}, {"name": "stderr", "source": "28b42e87-678d-4c75-a688-fbbb36b07fbc-attachment.txt", "type": "text/plain"}], "parameters": [{"name": "init_driver", "value": "'chrome'"}], "start": 1650266669768, "stop": 1650266670695, "uuid": "9f6d562f-b76a-4a39-a759-7b95ea5b9b79", "historyId": "1d53c064278f991aa51851197a2853d6", "testCaseId": "22da7e63419e32f0a08d28f38ceb3122", "fullName": "Tests.test_HomePage.Test_Home#test_verify_home_page_title", "labels": [{"name": "tag", "value": "order(4)"}, {"name": "tag", "value": "webtest"}, {"name": "tag", "value": "@pytest.mark.usefixtures('init_driver')"}, {"name": "parentSuite", "value": "Tests"}, {"name": "suite", "value": "test_HomePage"}, {"name": "subSuite", "value": "Test_Home"}, {"name": "host", "value": "MSDT120"}, {"name": "thread", "value": "9608-MainThread"}, {"name": "framework", "value": "pytest"}, {"name": "language", "value": "cpython3"}, {"name": "package", "value": "Tests.test_HomePage"}]}